This is pdfTeX, Version 3.1415926-2.5-1.40.14 (TeX Live 2013/Debian) (format=latex 2014.11.17)  26 NOV 2014 20:50
entering extended mode
 restricted \write18 enabled.
 %&-line parsing enabled.
**sample2e.tex
(./sample2e.tex
LaTeX2e <2011/06/27>
Babel <3.9h> and hyphenation patterns for 78 languages loaded.
(/usr/share/texlive/texmf-dist/tex/latex/base/article.cls
Document Class: article 2007/10/19 v1.4h Standard LaTeX document class
(/usr/share/texlive/texmf-dist/tex/latex/base/size10.clo
File: size10.clo 2007/10/19 v1.4h Standard LaTeX file (size option)
)
\c@part=\count79
\c@section=\count80
\c@subsection=\count81
\c@subsubsection=\count82
\c@paragraph=\count83
\c@subparagraph=\count84
\c@figure=\count85
\c@table=\count86
\abovecaptionskip=\skip41
\belowcaptionskip=\skip42
\bibindent=\dimen102
)
No file sample2e.aux.
\openout1 = `sample2e.aux'.

LaTeX Font Info:    Checking defaults for OML/cmm/m/it on input line 21.
LaTeX Font Info:    ... okay on input line 21.
LaTeX Font Info:    Checking defaults for T1/cmr/m/n on input line 21.
LaTeX Font Info:    ... okay on input line 21.
LaTeX Font Info:    Checking defaults for OT1/cmr/m/n on input line 21.
LaTeX Font Info:    ... okay on input line 21.
LaTeX Font Info:    Checking defaults for OMS/cmsy/m/n on input line 21.
LaTeX Font Info:    ... okay on input line 21.
LaTeX Font Info:    Checking defaults for OMX/cmex/m/n on input line 21.
LaTeX Font Info:    ... okay on input line 21.
LaTeX Font Info:    Checking defaults for U/cmr/m/n on input line 21.
LaTeX Font Info:    ... okay on input line 21.
LaTeX Font Info:    External font `cmex10' loaded for size
(Font)              <12> on input line 23.
LaTeX Font Info:    External font `cmex10' loaded for size
(Font)              <8> on input line 23.
LaTeX Font Info:    External font `cmex10' loaded for size
(Font)              <6> on input line 23.
LaTeX Font Info:    External font `cmex10' loaded for size
(Font)              <7> on input line 44.
LaTeX Font Info:    External font `cmex10' loaded for size
(Font)              <5> on input line 44.
LaTeX Font Info:    Try loading font information for OMS+cmr on input line 98.
(/usr/share/texlive/texmf-dist/tex/latex/base/omscmr.fd
File: omscmr.fd 1999/05/25 v2.5h Standard LaTeX font definitions
)
LaTeX Font Info:    Font shape `OMS/cmr/m/n' in size <10> not available
(Font)              Font shape `OMS/cmsy/m/n' tried instead on input line 98.
 [1

] [2] [3]
(./sample2e.aux) ) 
Here is how much of TeX's memory you used:
 250 strings out of 493305
 2801 string characters out of 6139896
 56877 words of memory out of 5000000
 3784 multiletter control sequences out of 15000+600000
 7626 words of font info for 27 fonts, out of 8000000 for 9000
 957 hyphenation exceptions out of 8191
 23i,8n,17p,145b,187s stack positions out of 5000i,500n,10000p,200000b,80000s

Output written on sample2e.dvi (3 pages, 7484 bytes).
