This is pdfTeX, Version 3.14159265-2.6-1.40.15 (TeX Live 2014) (preloaded format=pdflatex 2014.8.2)  28 NOV 2014 13:36
entering extended mode
 restricted \write18 enabled.
 %&-line parsing enabled.
**texbook.tex
(./texbook.tex
LaTeX2e <2014/05/01>
Babel <3.9k> and hyphenation patterns for 78 languages loaded.
! This manual is copyrighted and should not be TeXed.
\iterate ...s copyrighted and should not be TeXed}
                                                  \relax \expandafter \itera...
l.8 ...copyrighted and should not be TeXed}\repeat
                                                  
? 
! This manual is copyrighted and should not be TeXed.
\iterate ...s copyrighted and should not be TeXed}
                                                  \relax \expandafter \itera...
l.8 ...copyrighted and should not be TeXed}\repeat
                                                  
? 
! This manual is copyrighted and should not be TeXed.
\iterate ...s copyrighted and should not be TeXed}
                                                  \relax \expandafter \itera...
l.8 ...copyrighted and should not be TeXed}\repeat
                                                  
? 
! This manual is copyrighted and should not be TeXed.
\iterate ...s copyrighted and should not be TeXed}
                                                  \relax \expandafter \itera...
l.8 ...copyrighted and should not be TeXed}\repeat
                                                  
? 
! This manual is copyrighted and should not be TeXed.
\iterate ...s copyrighted and should not be TeXed}
                                                  \relax \expandafter \itera...
l.8 ...copyrighted and should not be TeXed}\repeat
                                                  
? 
! This manual is copyrighted and should not be TeXed.
\iterate ...s copyrighted and should not be TeXed}
                                                  \relax \expandafter \itera...
l.8 ...copyrighted and should not be TeXed}\repeat
                                                  
? 
! This manual is copyrighted and should not be TeXed.
\iterate ...s copyrighted and should not be TeXed}
                                                  \relax \expandafter \itera...
l.8 ...copyrighted and should not be TeXed}\repeat
                                                  
? 
! This manual is copyrighted and should not be TeXed.
\iterate ...s copyrighted and should not be TeXed}
                                                  \relax \expandafter \itera...
l.8 ...copyrighted and should not be TeXed}\repeat
                                                  
? 
! This manual is copyrighted and should not be TeXed.
\iterate ...s copyrighted and should not be TeXed}
                                                  \relax \expandafter \itera...
l.8 ...copyrighted and should not be TeXed}\repeat
                                                  
? 
! This manual is copyrighted and should not be TeXed.
\iterate ...s copyrighted and should not be TeXed}
                                                  \relax \expandafter \itera...
l.8 ...copyrighted and should not be TeXed}\repeat
                                                  
? 
! This manual is copyrighted and should not be TeXed.
\iterate ...s copyrighted and should not be TeXed}
                                                  \relax \expandafter \itera...
l.8 ...copyrighted and should not be TeXed}\repeat
                                                  
? 
! This manual is copyrighted and should not be TeXed.
\iterate ...s copyrighted and should not be TeXed}
                                                  \relax \expandafter \itera...
l.8 ...copyrighted and should not be TeXed}\repeat
                                                  
? X
 
Here is how much of TeX's memory you used:
 6 strings out of 493117
 177 string characters out of 6135434
 52909 words of memory out of 5000000
 3568 multiletter control sequences out of 15000+600000
 3640 words of font info for 14 fonts, out of 8000000 for 9000
 1141 hyphenation exceptions out of 8191
 5i,0n,1p,89b,8s stack positions out of 5000i,500n,10000p,200000b,80000s
No pages of output.
PDF statistics:
 0 PDF objects out of 1000 (max. 8388607)
 0 named destinations out of 1000 (max. 500000)
 1 words of extra memory for PDF output out of 10000 (max. 10000000)

